# JRE version: Java(TM) SE Runtime Environment (8.0_192-b12) (build 1.8.0_192-b12)
# Java VM: Java HotSpot(TM) 64-Bit Server VM (25.192-b12 mixed mode windows-amd64 compressed oops)
Heap:
 PSYoungGen      total 38400K, used 16090K [0x000000076b180000, 0x000000076eb00000, 0x00000007c0000000)
  eden space 37888K, 41% used [0x000000076b180000,0x000000076c0f6b68,0x000000076d680000)
  from space 512K, 50% used [0x000000076ea00000,0x000000076ea40000,0x000000076ea80000)
  to   space 512K, 0% used [0x000000076ea80000,0x000000076ea80000,0x000000076eb00000)
 ParOldGen       total 115200K, used 21660K [0x00000006c1400000, 0x00000006c8480000, 0x000000076b180000)
  object space 115200K, 18% used [0x00000006c1400000,0x00000006c2927258,0x00000006c8480000)
 Metaspace       used 25321K, capacity 26520K, committed 26752K, reserved 1073152K
  class space    used 3338K, capacity 3592K, committed 3712K, reserved 1048576K
GC Heap History (10 events):
Event: 291.486 GC heap before
{Heap before GC invocations=506 (full 1):
 PSYoungGen      total 38400K, used 38176K [0x000000076b180000, 0x000000076eb00000, 0x00000007c0000000)
  eden space 37888K, 100% used [0x000000076b180000,0x000000076d680000,0x000000076d680000)
  from space 512K, 56% used [0x000000076ea80000,0x000000076eac8000,0x000000076eb00000)
  to   space 512K, 0% used [0x000000076ea00000,0x000000076ea00000,0x000000076ea80000)
 ParOldGen       total 115200K, used 21660K [0x00000006c1400000, 0x00000006c8480000, 0x000000076b180000)
  object space 115200K, 18% used [0x00000006c1400000,0x00000006c2927258,0x00000006c8480000)
 Metaspace       used 25294K, capacity 26406K, committed 26624K, reserved 1073152K
  class space    used 3331K, capacity 3581K, committed 3584K, reserved 1048576K
Event: 291.489 GC heap after
Heap after GC invocations=506 (full 1):
 PSYoungGen      total 38400K, used 288K [0x000000076b180000, 0x000000076eb00000, 0x00000007c0000000)
  eden space 37888K, 0% used [0x000000076b180000,0x000000076b180000,0x000000076d680000)
  from space 512K, 56% used [0x000000076ea00000,0x000000076ea48000,0x000000076ea80000)
  to   space 512K, 0% used [0x000000076ea80000,0x000000076ea80000,0x000000076eb00000)
 ParOldGen       total 115200K, used 21660K [0x00000006c1400000, 0x00000006c8480000, 0x000000076b180000)
  object space 115200K, 18% used [0x00000006c1400000,0x00000006c2927258,0x00000006c8480000)
 Metaspace       used 25294K, capacity 26406K, committed 26624K, reserved 1073152K
  class space    used 3331K, capacity 3581K, committed 3584K, reserved 1048576K
}
Event: 291.865 GC heap before
{Heap before GC invocations=507 (full 1):
 PSYoungGen      total 38400K, used 38176K [0x000000076b180000, 0x000000076eb00000, 0x00000007c0000000)
  eden space 37888K, 100% used [0x000000076b180000,0x000000076d680000,0x000000076d680000)
  from space 512K, 56% used [0x000000076ea00000,0x000000076ea48000,0x000000076ea80000)
  to   space 512K, 0% used [0x000000076ea80000,0x000000076ea80000,0x000000076eb00000)
 ParOldGen       total 115200K, used 21660K [0x00000006c1400000, 0x00000006c8480000, 0x000000076b180000)
  object space 115200K, 18% used [0x00000006c1400000,0x00000006c2927258,0x00000006c8480000)
 Metaspace       used 25294K, capacity 26406K, committed 26624K, reserved 1073152K
  class space    used 3331K, capacity 3581K, committed 3584K, reserved 1048576K
Event: 291.866 GC heap after
Heap after GC invocations=507 (full 1):
 PSYoungGen      total 38400K, used 320K [0x000000076b180000, 0x000000076eb00000, 0x00000007c0000000)
  eden space 37888K, 0% used [0x000000076b180000,0x000000076b180000,0x000000076d680000)
  from space 512K, 62% used [0x000000076ea80000,0x000000076ead0000,0x000000076eb00000)
  to   space 512K, 0% used [0x000000076ea00000,0x000000076ea00000,0x000000076ea80000)
 ParOldGen       total 115200K, used 21660K [0x00000006c1400000, 0x00000006c8480000, 0x000000076b180000)
  object space 115200K, 18% used [0x00000006c1400000,0x00000006c2927258,0x00000006c8480000)
 Metaspace       used 25294K, capacity 26406K, committed 26624K, reserved 1073152K
  class space    used 3331K, capacity 3581K, committed 3584K, reserved 1048576K
}
Event: 292.253 GC heap before
{Heap before GC invocations=508 (full 1):
 PSYoungGen      total 38400K, used 38208K [0x000000076b180000, 0x000000076eb00000, 0x00000007c0000000)
  eden space 37888K, 100% used [0x000000076b180000,0x000000076d680000,0x000000076d680000)
  from space 512K, 62% used [0x000000076ea80000,0x000000076ead0000,0x000000076eb00000)
  to   space 512K, 0% used [0x000000076ea00000,0x000000076ea00000,0x000000076ea80000)
 ParOldGen       total 115200K, used 21660K [0x00000006c1400000, 0x00000006c8480000, 0x000000076b180000)
  object space 115200K, 18% used [0x00000006c1400000,0x00000006c2927258,0x00000006c8480000)
 Metaspace       used 25294K, capacity 26406K, committed 26624K, reserved 1073152K
  class space    used 3331K, capacity 3581K, committed 3584K, reserved 1048576K
Event: 292.255 GC heap after
Heap after GC invocations=508 (full 1):
 PSYoungGen      total 38400K, used 256K [0x000000076b180000, 0x000000076eb00000, 0x00000007c0000000)
  eden space 37888K, 0% used [0x000000076b180000,0x000000076b180000,0x000000076d680000)
  from space 512K, 50% used [0x000000076ea00000,0x000000076ea40000,0x000000076ea80000)
  to   space 512K, 0% used [0x000000076ea80000,0x000000076ea80000,0x000000076eb00000)
 ParOldGen       total 115200K, used 21660K [0x00000006c1400000, 0x00000006c8480000, 0x000000076b180000)
  object space 115200K, 18% used [0x00000006c1400000,0x00000006c2927258,0x00000006c8480000)
 Metaspace       used 25294K, capacity 26406K, committed 26624K, reserved 1073152K
  class space    used 3331K, capacity 3581K, committed 3584K, reserved 1048576K
}
Event: 292.633 GC heap before
{Heap before GC invocations=509 (full 1):
 PSYoungGen      total 38400K, used 38144K [0x000000076b180000, 0x000000076eb00000, 0x00000007c0000000)
  eden space 37888K, 100% used [0x000000076b180000,0x000000076d680000,0x000000076d680000)
  from space 512K, 50% used [0x000000076ea00000,0x000000076ea40000,0x000000076ea80000)
  to   space 512K, 0% used [0x000000076ea80000,0x000000076ea80000,0x000000076eb00000)
 ParOldGen       total 115200K, used 21660K [0x00000006c1400000, 0x00000006c8480000, 0x000000076b180000)
  object space 115200K, 18% used [0x00000006c1400000,0x00000006c2927258,0x00000006c8480000)
 Metaspace       used 25294K, capacity 26406K, committed 26624K, reserved 1073152K
  class space    used 3331K, capacity 3581K, committed 3584K, reserved 1048576K
Event: 292.635 GC heap after
Heap after GC invocations=509 (full 1):
 PSYoungGen      total 38400K, used 288K [0x000000076b180000, 0x000000076eb00000, 0x00000007c0000000)
  eden space 37888K, 0% used [0x000000076b180000,0x000000076b180000,0x000000076d680000)
  from space 512K, 56% used [0x000000076ea80000,0x000000076eac8000,0x000000076eb00000)
  to   space 512K, 0% used [0x000000076ea00000,0x000000076ea00000,0x000000076ea80000)
 ParOldGen       total 115200K, used 21660K [0x00000006c1400000, 0x00000006c8480000, 0x000000076b180000)
  object space 115200K, 18% used [0x00000006c1400000,0x00000006c2927258,0x00000006c8480000)
 Metaspace       used 25294K, capacity 26406K, committed 26624K, reserved 1073152K
  class space    used 3331K, capacity 3581K, committed 3584K, reserved 1048576K
}
Event: 293.025 GC heap before
{Heap before GC invocations=510 (full 1):
 PSYoungGen      total 38400K, used 38176K [0x000000076b180000, 0x000000076eb00000, 0x00000007c0000000)
  eden space 37888K, 100% used [0x000000076b180000,0x000000076d680000,0x000000076d680000)
  from space 512K, 56% used [0x000000076ea80000,0x000000076eac8000,0x000000076eb00000)
  to   space 512K, 0% used [0x000000076ea00000,0x000000076ea00000,0x000000076ea80000)
 ParOldGen       total 115200K, used 21660K [0x00000006c1400000, 0x00000006c8480000, 0x000000076b180000)
  object space 115200K, 18% used [0x00000006c1400000,0x00000006c2927258,0x00000006c8480000)
 Metaspace       used 25294K, capacity 26406K, committed 26624K, reserved 1073152K
  class space    used 3331K, capacity 3581K, committed 3584K, reserved 1048576K
Event: 293.027 GC heap after
Heap after GC invocations=510 (full 1):
 PSYoungGen      total 38400K, used 256K [0x000000076b180000, 0x000000076eb00000, 0x00000007c0000000)
  eden space 37888K, 0% used [0x000000076b180000,0x000000076b180000,0x000000076d680000)
  from space 512K, 50% used [0x000000076ea00000,0x000000076ea40000,0x000000076ea80000)
  to   space 512K, 0% used [0x000000076ea80000,0x000000076ea80000,0x000000076eb00000)
 ParOldGen       total 115200K, used 21660K [0x00000006c1400000, 0x00000006c8480000, 0x000000076b180000)
  object space 115200K, 18% used [0x00000006c1400000,0x00000006c2927258,0x00000006c8480000)
 Metaspace       used 25294K, capacity 26406K, committed 26624K, reserved 1073152K
  class space    used 3331K, capacity 3581K, committed 3584K, reserved 1048576K
}

